**********************
Windows PowerShell transcript start
Start time: 20210704193812
Username: FMOBILE\fabio
RunAs User: FMOBILE\fabio
Configuration Name: 
Machine: FMOBILE (Microsoft Windows NT 10.0.19042.0)
Host Application: C:\Windows\System32\WindowsPowerShell\v1.0\powershell.exe -NoProfile -NonInteractive -ExecutionPolicy Bypass -Command Import-Module 'c:\Users\fabio\.vscode\extensions\ms-vscode.powershell-2021.6.2\modules\PowerShellEditorServices\PowerShellEditorServices.psd1'; Start-EditorServices -HostName 'Visual Studio Code Host' -HostProfileId 'Microsoft.VSCode' -HostVersion '2021.6.2' -AdditionalModules @('PowerShellEditorServices.VSCode') -BundledModulesPath 'c:\Users\fabio\.vscode\extensions\ms-vscode.powershell-2021.6.2\modules' -EnableConsoleRepl -StartupBanner '=====> PowerShell Integrated Console v2021.6.2 <=====
' -LogLevel 'Normal' -LogPath 'c:\Users\fabio\.vscode\extensions\ms-vscode.powershell-2021.6.2\logs\1625420148-dcc34bf1-1628-4705-b549-97e0f4831e541625420020300\EditorServices.log' -SessionDetailsPath 'c:\Users\fabio\.vscode\extensions\ms-vscode.powershell-2021.6.2\sessions\PSES-VSCode-18896-289212' -FeatureFlags @() 
Process ID: 2012
PSVersion: 5.1.19041.1023
PSEdition: Desktop
PSCompatibleVersions: 1.0, 2.0, 3.0, 4.0, 5.0, 5.1.19041.1023
BuildVersion: 10.0.19041.1023
CLRVersion: 4.0.30319.42000
WSManStackVersion: 3.0
PSRemotingProtocolVersion: 2.3
SerializationVersion: 1.1.0.1
**********************
Transcript started, output file is C:\_Repos\Programmierhilfe\deloyment.log
Script started at 07/04/2021 19:38:12
